<?xml version="1.0" encoding="UTF-8"?>
<testsuite xmlns:xsi="http://www.w3.org/2001/XMLSchema-instance" xsi:noNamespaceSchemaLocation="https://maven.apache.org/surefire/maven-surefire-plugin/xsd/surefire-test-report-3.0.xsd" version="3.0" name="org.example.testRunners.runners" time="180.973" tests="13" errors="0" skipped="0" failures="3">
  <properties>
[...]
</properties>
  <testcase name="runScenario" classname="org.example.testRunners.runners" time="21.383"/>
  <testcase name="runScenario" classname="org.example.testRunners.runners" time="10.77"/>
  <testcase name="runScenario" classname="org.example.testRunners.runners" time="10.798"/>
  <testcase name="runScenario" classname="org.example.testRunners.runners" time="12.43"/>
  <testcase name="runScenario" classname="org.example.testRunners.runners" time="11.215"/>
  <testcase name="runScenario" classname="org.example.testRunners.runners" time="14.034"/>
  <testcase name="runScenario" classname="org.example.testRunners.runners" time="11.109">
    <failure message="expected [true] but found [false]" type="java.lang.AssertionError"><![CDATA[java.lang.AssertionError: expected [true] but found [false]
]]></failure>
    <system-err><![CDATA[Starting ChromeDriver 103.0.5060.53 (a1711811edd74ff1cf2150f36ffa3b0dae40b17f-refs/branch-heads/5060@{#853}) on port 51127
Only local connections are allowed.
Please see https://chromedriver.chromium.org/security-considerations for suggestions on keeping ChromeDriver safe.
ChromeDriver was started successfully.
[1661974930.834][WARNING]: This version of ChromeDriver has not been tested with Chrome version 104.
Aug 31, 2022 9:42:11 PM org.openqa.selenium.remote.ProtocolHandshake createSession
INFO: Detected upstream dialect: W3C
Aug 31, 2022 9:42:11 PM org.openqa.selenium.devtools.CdpVersionFinder findNearestMatch
WARNING: Unable to find an exact match for CDP version 104, so returning the closest version found: 103
Aug 31, 2022 9:42:11 PM org.openqa.selenium.devtools.CdpVersionFinder findNearestMatch
INFO: Found CDP implementation for version 104 of 103
]]></system-err>
  </testcase>
  <testcase name="runScenario" classname="org.example.testRunners.runners" time="19.24">
    <failure message="element not interactable&#10;  (Session info: chrome=104.0.5112.102)&#10;Build info: version: &apos;4.3.0&apos;, revision: &apos;a4995e2c09*&apos;&#10;System info: host: &apos;SSAMEH-LT-9987&apos;, ip: &apos;192.168.0.7&apos;, os.name: &apos;Windows 10&apos;, os.arch: &apos;amd64&apos;, os.version: &apos;10.0&apos;, java.version: &apos;1.8.0_331&apos;&#10;Driver info: org.openqa.selenium.chrome.ChromeDriver&#10;Command: [3b3c1bfceb283d8f80dce8612b50297c, clickElement {id=419597bb-dd8b-42f2-9c85-340fe9574ea2}]&#10;Capabilities {acceptInsecureCerts: false, browserName: chrome, browserVersion: 104.0.5112.102, chrome: {chromedriverVersion: 103.0.5060.53 (a1711811edd7..., userDataDir: C:\Users\SAMER~1.SAM\AppDat...}, goog:chromeOptions: {debuggerAddress: localhost:53230}, networkConnectionEnabled: false, pageLoadStrategy: normal, platformName: WINDOWS, proxy: Proxy(), se:cdp: ws://localhost:53230/devtoo..., se:cdpVersion: 104.0.5112.102, setWindowRect: true, strictFileInteractability: false, timeouts: {implicit: 0, pageLoad: 300000, script: 30000}, unhandledPromptBehavior: dismiss and notify, webauthn:extension:credBlob: true, webauthn:extension:largeBlob: true, webauthn:virtualAuthenticators: true}&#10;Element: [[ChromeDriver: chrome on WINDOWS (3b3c1bfceb283d8f80dce8612b50297c)] -&gt; css selector: a[class=&quot;nivo-imageLink&quot;]:nth-child(2)]&#10;Session ID: 3b3c1bfceb283d8f80dce8612b50297c" type="org.openqa.selenium.ElementNotInteractableException"><![CDATA[org.openqa.selenium.ElementNotInteractableException: 
element not interactable
  (Session info: chrome=104.0.5112.102)
Build info: version: '4.3.0', revision: 'a4995e2c09*'
System info: host: 'SSAMEH-LT-9987', ip: '192.168.0.7', os.name: 'Windows 10', os.arch: 'amd64', os.version: '10.0', java.version: '1.8.0_331'
Driver info: org.openqa.selenium.chrome.ChromeDriver
Command: [3b3c1bfceb283d8f80dce8612b50297c, clickElement {id=419597bb-dd8b-42f2-9c85-340fe9574ea2}]
Capabilities {acceptInsecureCerts: false, browserName: chrome, browserVersion: 104.0.5112.102, chrome: {chromedriverVersion: 103.0.5060.53 (a1711811edd7..., userDataDir: C:\Users\SAMER~1.SAM\AppDat...}, goog:chromeOptions: {debuggerAddress: localhost:53230}, networkConnectionEnabled: false, pageLoadStrategy: normal, platformName: WINDOWS, proxy: Proxy(), se:cdp: ws://localhost:53230/devtoo..., se:cdpVersion: 104.0.5112.102, setWindowRect: true, strictFileInteractability: false, timeouts: {implicit: 0, pageLoad: 300000, script: 30000}, unhandledPromptBehavior: dismiss and notify, webauthn:extension:credBlob: true, webauthn:extension:largeBlob: true, webauthn:virtualAuthenticators: true}
Element: [[ChromeDriver: chrome on WINDOWS (3b3c1bfceb283d8f80dce8612b50297c)] -> css selector: a[class="nivo-imageLink"]:nth-child(2)]
Session ID: 3b3c1bfceb283d8f80dce8612b50297c
]]></failure>
    <system-out><![CDATA[
@smoke
Scenario Outline: guest user could register with valid data successfully                     &amp#27;[90m# src/main/resources/features/F01_Register.feature:18&amp#27;[0m
  &amp#27;[32mGiven &amp#27;[0m&amp#27;[32muser go to register page&amp#27;[0m                                                             &amp#27;[90m# org.example.stepDefinitions.D01_registerStepDef.user_go_to_register_page()&amp#27;[0m
  &amp#27;[32mWhen &amp#27;[0m&amp#27;[32muser select gender type&amp#27;[0m                                                               &amp#27;[90m# org.example.stepDefinitions.D01_registerStepDef.user_select_gender_type()&amp#27;[0m
  &amp#27;[32mAnd &amp#27;[0m&amp#27;[32muser enter first name &amp#27;[0m&amp#27;[32m&amp#27;[1m"Samer"&amp#27;[0m&amp#27;[32m and last name &amp#27;[0m&amp#27;[32m&amp#27;[1m"Sameh"&amp#27;[0m                                    &amp#27;[90m# org.example.stepDefinitions.D01_registerStepDef.user_enter_first_name_and_last_name(java.lang.String,java.lang.String)&amp#27;[0m
  &amp#27;[32mAnd &amp#27;[0m&amp#27;[32muser enter date of birth&amp#27;[0m                                                               &amp#27;[90m# org.example.stepDefinitions.D01_registerStepDef.user_enter_date_of_birth()&amp#27;[0m
  &amp#27;[32mAnd &amp#27;[0m&amp#27;[32muser enter email &amp#27;[0m&amp#27;[32m&amp#27;[1m"tester12@example.com"&amp#27;[0m                                                &amp#27;[90m# org.example.stepDefinitions.D01_registerStepDef.user_enter_email(java.lang.String)&amp#27;[0m
  &amp#27;[32mAnd &amp#27;[0m&amp#27;[32muser enter company Name&amp#27;[0m                                                                &amp#27;[90m# org.example.stepDefinitions.D01_registerStepDef.user_enter_company_name()&amp#27;[0m
  &amp#27;[32mAnd &amp#27;[0m&amp#27;[32muser enter password and confirm password&amp#27;[0m                                               &amp#27;[90m# org.example.stepDefinitions.D01_registerStepDef.user_enter_password_and_confirm_password()&amp#27;[0m
  &amp#27;[32mAnd &amp#27;[0m&amp#27;[32muser click on register button&amp#27;[0m                                                          &amp#27;[90m# org.example.stepDefinitions.D01_registerStepDef.user_click_on_register_button()&amp#27;[0m
  &amp#27;[32mThen &amp#27;[0m&amp#27;[32muser will be directed to registration page with message "Your registration completed"&amp#27;[0m &amp#27;[90m# org.example.stepDefinitions.D01_registerStepDef.user_will_be_directed_to_registration_page_with_message()&amp#27;[0m

@smoke
Scenario Outline: user could login with valid email and password      &amp#27;[90m# src/main/resources/features/F02_Login.feature:13&amp#27;[0m
  &amp#27;[32mGiven &amp#27;[0m&amp#27;[32muser go to login page&amp#27;[0m                                         &amp#27;[90m# org.example.stepDefinitions.D02_loginStepDef.goLoginPage()&amp#27;[0m
  &amp#27;[32mWhen &amp#27;[0m&amp#27;[32muser enter email &amp#27;[0m&amp#27;[32m&amp#27;[1m"tester@example.com"&amp#27;[0m&amp#27;[32m and password &amp#27;[0m&amp#27;[32m&amp#27;[1m"123456789"&amp#27;[0m &amp#27;[90m# org.example.stepDefinitions.D02_loginStepDef.email_password(java.lang.String,java.lang.String)&amp#27;[0m
  &amp#27;[32mAnd &amp#27;[0m&amp#27;[32muser click on log in button&amp#27;[0m                                     &amp#27;[90m# org.example.stepDefinitions.D02_loginStepDef.logtoHomePage()&amp#27;[0m
  &amp#27;[32mThen &amp#27;[0m&amp#27;[32muser will be logged in successfully&amp#27;[0m                            &amp#27;[90m# org.example.stepDefinitions.D02_loginStepDef.loginSuccessfully()&amp#27;[0m

@smoke
Scenario: user could move between currencies &amp#27;[90m# src/main/resources/features/F03_currencies.feature:4&amp#27;[0m
  &amp#27;[32mWhen &amp#27;[0m&amp#27;[32muser select random currency&amp#27;[0m           &amp#27;[90m# org.example.stepDefinitions.D03_currenciesStepDef.selectCurrency()&amp#27;[0m
  &amp#27;[32mAnd &amp#27;[0m&amp#27;[32mcurrency is changed correctly&amp#27;[0m          &amp#27;[90m# org.example.stepDefinitions.D03_currenciesStepDef.currencyChange()&amp#27;[0m

@smoke
Scenario Outline: user could search using product name       &amp#27;[90m# src/main/resources/features/F04_Search.feature:12&amp#27;[0m
  &amp#27;[32mGiven &amp#27;[0m&amp#27;[32muser click on search field&amp#27;[0m                           &amp#27;[90m# org.example.stepDefinitions.D04_searchStepDef.search()&amp#27;[0m
  &amp#27;[32mWhen &amp#27;[0m&amp#27;[32muser search with product name &amp#27;[0m&amp#27;[32m&amp#27;[1m"apple"&amp#27;[0m&amp#27;[32m and press enter&amp#27;[0m &amp#27;[90m# org.example.stepDefinitions.D04_searchStepDef.searchWord(java.lang.String)&amp#27;[0m
  &amp#27;[32mThen &amp#27;[0m&amp#27;[32muser could find valid results&amp#27;[0m                         &amp#27;[90m# org.example.stepDefinitions.D04_searchStepDef.searchSuccessful()&amp#27;[0m

@smoke
Scenario Outline: user could search using sku           &amp#27;[90m# src/main/resources/features/F04_Search.feature:24&amp#27;[0m
  &amp#27;[32mGiven &amp#27;[0m&amp#27;[32muser click on search field&amp#27;[0m                      &amp#27;[90m# org.example.stepDefinitions.D04_searchStepDef.search()&amp#27;[0m
  &amp#27;[32mWhen &amp#27;[0m&amp#27;[32muser search with SKU &amp#27;[0m&amp#27;[32m&amp#27;[1m"AP_MBP_13"&amp#27;[0m&amp#27;[32m and press enter&amp#27;[0m &amp#27;[90m# org.example.stepDefinitions.D04_searchStepDef.searchSKU(java.lang.String)&amp#27;[0m
  &amp#27;[32mThen &amp#27;[0m&amp#27;[32muser could find valid results&amp#27;[0m                    &amp#27;[90m# org.example.stepDefinitions.D04_searchStepDef.searchSuccessful()&amp#27;[0m

@smoke
Scenario: user could hover categories                      &amp#27;[90m# src/main/resources/features/F05_hoverCategories.feature:4&amp#27;[0m
  &amp#27;[32mWhen &amp#27;[0m&amp#27;[32muser hover category and select subcategory&amp#27;[0m          &amp#27;[90m# org.example.stepDefinitions.D05_hoverStepDef.hoverCategories()&amp#27;[0m
  &amp#27;[32mThen &amp#27;[0m&amp#27;[32muser will directed successfully to subcategory page&amp#27;[0m &amp#27;[90m# org.example.stepDefinitions.D05_hoverStepDef.hoverSuccessfully()&amp#27;[0m

@smoke
Scenario: user could open first slider                &amp#27;[90m# src/main/resources/features/F06_homeSliders.feature:4&amp#27;[0m
  &amp#27;[32mWhen &amp#27;[0m&amp#27;[32muser click on first slider&amp#27;[0m                     &amp#27;[90m# org.example.stepDefinitions.D06_homeSliderStepDef.firstSlider()&amp#27;[0m
  &amp#27;[31mThen &amp#27;[0m&amp#27;[31mrelative product for first slider is displayed&amp#27;[0m &amp#27;[90m# org.example.stepDefinitions.D06_homeSliderStepDef.first_product_details_opened()&amp#27;[0m
      &amp#27;[31mjava.lang.AssertionError: expected [true] but found [false]
	at org.testng.Assert.fail(Assert.java:110)
	at org.testng.Assert.failNotEquals(Assert.java:1413)
	at org.testng.Assert.assertTrue(Assert.java:56)
	at org.testng.Assert.assertTrue(Assert.java:66)
	at org.example.stepDefinitions.D06_homeSliderStepDef.first_product_details_opened(D06_homeSliderStepDef.java:29)
	at âœ½.relative product for first slider is displayed(file:///C:/Users/samer.sameh/Desktop/FinalProjectJuly/src/main/resources/features/F06_homeSliders.feature:6)
&amp#27;[0m

@smoke
Scenario: user could open second slider                &amp#27;[90m# src/main/resources/features/F06_homeSliders.feature:8&amp#27;[0m
  &amp#27;[31mWhen &amp#27;[0m&amp#27;[31muser click on second slider&amp#27;[0m                     &amp#27;[90m# org.example.stepDefinitions.D06_homeSliderStepDef.secondSlider()&amp#27;[0m
      &amp#27;[31morg.openqa.selenium.ElementNotInteractableException: element not interactable
  (Session info: chrome=104.0.5112.102)
Build info: version: '4.3.0', revision: 'a4995e2c09*'
System info: host: 'SSAMEH-LT-9987', ip: '192.168.0.7', os.name: 'Windows 10', os.arch: 'amd64', os.version: '10.0', java.version: '1.8.0_331'
Driver info: org.openqa.selenium.chrome.ChromeDriver
Command: [3b3c1bfceb283d8f80dce8612b50297c, clickElement {id=419597bb-dd8b-42f2-9c85-340fe9574ea2}]
Capabilities {acceptInsecureCerts: false, browserName: chrome, browserVersion: 104.0.5112.102, chrome: {chromedriverVersion: 103.0.5060.53 (a1711811edd7..., userDataDir: C:\Users\SAMER~1.SAM\AppDat...}, goog:chromeOptions: {debuggerAddress: localhost:53230}, networkConnectionEnabled: false, pageLoadStrategy: normal, platformName: WINDOWS, proxy: Proxy(), se:cdp: ws://localhost:53230/devtoo..., se:cdpVersion: 104.0.5112.102, setWindowRect: true, strictFileInteractability: false, timeouts: {implicit: 0, pageLoad: 300000, script: 30000}, unhandledPromptBehavior: dismiss and notify, webauthn:extension:credBlob: true, webauthn:extension:largeBlob: true, webauthn:virtualAuthenticators: true}
Element: [[ChromeDriver: chrome on WINDOWS (3b3c1bfceb283d8f80dce8612b50297c)] -> css selector: a[class="nivo-imageLink"]:nth-child(2)]
Session ID: 3b3c1bfceb283d8f80dce8612b50297c
	at sun.reflect.NativeConstructorAccessorImpl.newInstance0(Native Method)
	at sun.reflect.NativeConstructorAccessorImpl.newInstance(NativeConstructorAccessorImpl.java:62)
	at sun.reflect.DelegatingConstructorAccessorImpl.newInstance(DelegatingConstructorAccessorImpl.java:45)
	at java.lang.reflect.Constructor.newInstance(Constructor.java:423)
	at org.openqa.selenium.remote.codec.w3c.W3CHttpResponseCodec.createException(W3CHttpResponseCodec.java:200)
	at org.openqa.selenium.remote.codec.w3c.W3CHttpResponseCodec.decode(W3CHttpResponseCodec.java:133)
	at org.openqa.se]]></system-out>
    <system-err><![CDATA[Starting ChromeDriver 103.0.5060.53 (a1711811edd74ff1cf2150f36ffa3b0dae40b17f-refs/branch-heads/5060@{#853}) on port 61738
Only local connections are allowed.
Please see https://chromedriver.chromium.org/security-considerations for suggestions on keeping ChromeDriver safe.
ChromeDriver was started successfully.
[1661974943.091][WARNING]: This version of ChromeDriver has not been tested with Chrome version 104.
Aug 31, 2022 9:42:23 PM org.openqa.selenium.remote.ProtocolHandshake createSession
INFO: Detected upstream dialect: W3C
Aug 31, 2022 9:42:23 PM org.openqa.selenium.devtools.CdpVersionFinder findNearestMatch
WARNING: Unable to find an exact match for CDP version 104, so returning the closest version found: 103
Aug 31, 2022 9:42:23 PM org.openqa.selenium.devtools.CdpVersionFinder findNearestMatch
INFO: Found CDP implementation for version 104 of 103
]]></system-err>
  </testcase>
  <testcase name="runScenario" classname="org.example.testRunners.runners" time="12.029"/>
  <testcase name="runScenario" classname="org.example.testRunners.runners" time="12.942"/>
  <testcase name="runScenario" classname="org.example.testRunners.runners" time="12.585">
    <failure message="Index: 1, Size: 1" type="java.lang.IndexOutOfBoundsException"><![CDATA[java.lang.IndexOutOfBoundsException: Index: 1, Size: 1
]]></failure>
    <system-err><![CDATA[Starting ChromeDriver 103.0.5060.53 (a1711811edd74ff1cf2150f36ffa3b0dae40b17f-refs/branch-heads/5060@{#853}) on port 50485
Only local connections are allowed.
Please see https://chromedriver.chromium.org/security-considerations for suggestions on keeping ChromeDriver safe.
ChromeDriver was started successfully.
[1661974986.215][WARNING]: This version of ChromeDriver has not been tested with Chrome version 104.
Aug 31, 2022 9:43:06 PM org.openqa.selenium.remote.ProtocolHandshake createSession
INFO: Detected upstream dialect: W3C
Aug 31, 2022 9:43:06 PM org.openqa.selenium.devtools.CdpVersionFinder findNearestMatch
WARNING: Unable to find an exact match for CDP version 104, so returning the closest version found: 103
Aug 31, 2022 9:43:06 PM org.openqa.selenium.devtools.CdpVersionFinder findNearestMatch
INFO: Found CDP implementation for version 104 of 103
]]></system-err>
  </testcase>
  <testcase name="runScenario" classname="org.example.testRunners.runners" time="16.883"/>
  <testcase name="runScenario" classname="org.example.testRunners.runners" time="11.725"/>
</testsuite>